<?xml version="1.0" encoding="UTF-8"?>
<testng-results ignored="0" total="2" passed="2" failed="0" skipped="0">
  <reporter-output>
  </reporter-output>
  <suite started-at="2021-12-12T20:51:51 IST" name="Default suite" finished-at="2021-12-12T20:52:33 IST" duration-ms="42234">
    <groups>
    </groups>
    <test started-at="2021-12-12T20:51:51 IST" name="Default test" finished-at="2021-12-12T20:52:33 IST" duration-ms="42234">
      <class name="tests.LoginTestWithDataProvider">
        <test-method is-config="true" signature="OpenBrowser()[pri:0, instance:tests.LoginTestWithDataProvider@3541cb24]" started-at="2021-12-12T20:51:51 IST" name="OpenBrowser" finished-at="2021-12-12T20:51:55 IST" duration-ms="4137" status="PASS">
          <reporter-output>
          </reporter-output>
        </test-method> <!-- OpenBrowser -->
        <test-method signature="login(java.lang.String, java.lang.String, java.lang.String)[pri:0, instance:tests.LoginTestWithDataProvider@3541cb24]" started-at="2021-12-12T20:51:55 IST" name="login" data-provider="GetLoginData" finished-at="2021-12-12T20:52:08 IST" duration-ms="12546" status="PASS">
          <params>
            <param index="0">
              <value>
                <![CDATA[gururajrkarnam@gmail.com]]>
              </value>
            </param>
            <param index="1">
              <value>
                <![CDATA[Admin@123]]>
              </value>
            </param>
            <param index="2">
              <value>
                <![CDATA[Successful]]>
              </value>
            </param>
          </params>
          <reporter-output>
          </reporter-output>
        </test-method> <!-- login -->
        <test-method is-config="true" signature="closure()[pri:0, instance:tests.LoginTestWithDataProvider@3541cb24]" started-at="2021-12-12T20:52:08 IST" name="closure" finished-at="2021-12-12T20:52:08 IST" duration-ms="106" status="PASS">
          <reporter-output>
          </reporter-output>
        </test-method> <!-- closure -->
        <test-method is-config="true" signature="OpenBrowser()[pri:0, instance:tests.LoginTestWithDataProvider@3541cb24]" started-at="2021-12-12T20:52:08 IST" name="OpenBrowser" finished-at="2021-12-12T20:52:11 IST" duration-ms="2982" status="PASS">
          <reporter-output>
          </reporter-output>
        </test-method> <!-- OpenBrowser -->
        <test-method signature="login(java.lang.String, java.lang.String, java.lang.String)[pri:0, instance:tests.LoginTestWithDataProvider@3541cb24]" started-at="2021-12-12T20:52:11 IST" name="login" data-provider="GetLoginData" finished-at="2021-12-12T20:52:33 IST" duration-ms="22308" status="PASS">
          <params>
            <param index="0">
              <value>
                <![CDATA[Dummy@test.in]]>
              </value>
            </param>
            <param index="1">
              <value>
                <![CDATA[xyz]]>
              </value>
            </param>
            <param index="2">
              <value>
                <![CDATA[Failure]]>
              </value>
            </param>
          </params>
          <reporter-output>
          </reporter-output>
        </test-method> <!-- login -->
        <test-method is-config="true" signature="closure()[pri:0, instance:tests.LoginTestWithDataProvider@3541cb24]" started-at="2021-12-12T20:52:33 IST" name="closure" finished-at="2021-12-12T20:52:33 IST" duration-ms="103" status="PASS">
          <reporter-output>
          </reporter-output>
        </test-method> <!-- closure -->
      </class> <!-- tests.LoginTestWithDataProvider -->
    </test> <!-- Default test -->
  </suite> <!-- Default suite -->
</testng-results>
